#
# There is insufficient memory for the Java Runtime Environment to continue.
# Native memory allocation (mmap) failed to map 536870912 bytes for G1 virtual space
# Possible reasons:
#   The system is out of physical RAM or swap space
#   The process is running with CompressedOops enabled, and the Java Heap may be blocking the growth of the native heap
# Possible solutions:
#   Reduce memory load on the system
#   Increase physical memory or swap space
#   Check if swap backing store is full
#   Decrease Java heap size (-Xmx/-Xms)
#   Decrease number of Java threads
#   Decrease Java thread stack sizes (-Xss)
#   Set larger code cache with -XX:ReservedCodeCacheSize=
#   JVM is running with Zero Based Compressed Oops mode in which the Java heap is
#     placed in the first 32GB address space. The Java Heap base address is the
#     maximum limit for the native heap growth. Please use -XX:HeapBaseMinAddress
#     to set the Java Heap base and to place the Java Heap above 32GB virtual address.
# This output file may be truncated or incomplete.
#
#  Out of Memory Error (os_windows.cpp:3541), pid=14352, tid=12532
#
# JRE version:  (17.0.4+8) (build )
# Java VM: OpenJDK 64-Bit Server VM (17.0.4+8, mixed mode, sharing, tiered, compressed oops, compressed class ptrs, g1 gc, windows-amd64)
# No core dump will be written. Minidumps are not enabled by default on client versions of Windows
#

---------------  S U M M A R Y ------------

Command Line: -Dclassworlds.conf=C:\Program Files\Eclipse Adoptium\apache-maven-3.9.9\bin\m2.conf -Dmaven.home=C:\Program Files\Eclipse Adoptium\apache-maven-3.9.9 -Dlibrary.jansi.path=C:\Program Files\Eclipse Adoptium\apache-maven-3.9.9\lib\jansi-native -Dmaven.multiModuleProjectDirectory=C:\Users\marce\Documents\InteliJ\ecommerce\ecommerce org.codehaus.plexus.classworlds.launcher.Launcher spring-boot:run

Host: Intel(R) Core(TM) i5-9300H CPU @ 2.40GHz, 8 cores, 31G,  Windows 10 , 64 bit Build 19041 (10.0.19041.5438)
Time: Tue Feb 25 14:09:46 2025 Hora oficial do Brasil elapsed time: 0.016280 seconds (0d 0h 0m 0s)

---------------  T H R E A D  ---------------

Current thread (0x0000020aa8e48440):  JavaThread "Unknown thread" [_thread_in_vm, id=12532, stack(0x0000000ac3e00000,0x0000000ac3f00000)]

Stack: [0x0000000ac3e00000,0x0000000ac3f00000]
Native frames: (J=compiled Java code, j=interpreted, Vv=VM code, C=native code)
V  [jvm.dll+0x67733a]
V  [jvm.dll+0x8323c4]
V  [jvm.dll+0x833b6e]
V  [jvm.dll+0x8341d3]
V  [jvm.dll+0x2455e5]
V  [jvm.dll+0x674229]
V  [jvm.dll+0x668ab2]
V  [jvm.dll+0x30458b]
V  [jvm.dll+0x30bad6]
V  [jvm.dll+0x35ba7e]
V  [jvm.dll+0x35bcaf]
V  [jvm.dll+0x2db428]
V  [jvm.dll+0x2dc394]
V  [jvm.dll+0x803ef1]
V  [jvm.dll+0x3698d1]
V  [jvm.dll+0x7e320c]
V  [jvm.dll+0x3ec23f]
V  [jvm.dll+0x3eddc1]
C  [jli.dll+0x5277]
C  [ucrtbase.dll+0x21bb2]
C  [KERNEL32.DLL+0x17374]
C  [ntdll.dll+0x4cc91]


---------------  P R O C E S S  ---------------

Threads class SMR info:
_java_thread_list=0x00007ff846b64e98, length=0, elements={
}

Java Threads: ( => current thread )

Other Threads:
  0x0000020aa8ef3dc0 GCTaskThread "GC Thread#0" [stack: 0x0000000ac3f00000,0x0000000ac4000000] [id=14052]
  0x0000020aa8f04bc0 ConcurrentGCThread "G1 Main Marker" [stack: 0x0000000ac4000000,0x0000000ac4100000] [id=15108]
  0x0000020aa8f065e0 ConcurrentGCThread "G1 Conc#0" [stack: 0x0000000ac4100000,0x0000000ac4200000] [id=13344]

[error occurred during error reporting (printing all threads), id 0xc0000005, EXCEPTION_ACCESS_VIOLATION (0xc0000005) at pc=0x00007ff84633beb7]

VM state: not at safepoint (not fully initialized)

VM Mutex/Monitor currently owned by a thread:  ([mutex/lock_event])
[0x0000020aa8e42f30] Heap_lock - owner thread: 0x0000020aa8e48440

Heap address: 0x0000000602800000, size: 8152 MB, Compressed Oops mode: Zero based, Oop shift amount: 3

CDS archive(s) mapped at: [0x0000000000000000-0x0000000000000000-0x0000000000000000), size 0, SharedBaseAddress: 0x0000000800000000, ArchiveRelocationMode: 0.
Narrow klass base: 0x0000000000000000, Narrow klass shift: 0, Narrow klass range: 0x0

GC Precious Log:
<Empty>

Heap:
 garbage-first heap   total 0K, used 0K [0x0000000602800000, 0x0000000800000000)
  region size 4096K, 0 young (0K), 0 survivors (0K)

[error occurred during error reporting (printing heap information), id 0xc0000005, EXCEPTION_ACCESS_VIOLATION (0xc0000005) at pc=0x00007ff8467206b9]

GC Heap History (0 events):
No events

Deoptimization events (0 events):
No events

Classes unloaded (0 events):
No events

Classes redefined (0 events):
No events

Internal exceptions (0 events):
No events

VM Operations (0 events):
No events

Events (1 events):
Event: 0.006 Loaded shared library C:\Program Files\Eclipse Adoptium\jdk-17.0.4.8-hotspot\bin\java.dll


Dynamic libraries:
0x00007ff780ce0000 - 0x00007ff780cee000 	C:\Program Files\Eclipse Adoptium\jdk-17.0.4.8-hotspot\bin\java.exe
0x00007ff8ada10000 - 0x00007ff8adc08000 	C:\WINDOWS\SYSTEM32\ntdll.dll
0x00007ff8ad3a0000 - 0x00007ff8ad462000 	C:\WINDOWS\System32\KERNEL32.DLL
0x00007ff8ab610000 - 0x00007ff8ab90f000 	C:\WINDOWS\System32\KERNELBASE.dll
0x00007ff8ab470000 - 0x00007ff8ab570000 	C:\WINDOWS\System32\ucrtbase.dll
0x00007ff8a8180000 - 0x00007ff8a8198000 	C:\Program Files\Eclipse Adoptium\jdk-17.0.4.8-hotspot\bin\jli.dll
0x00007ff8a6db0000 - 0x00007ff8a6dc9000 	C:\Program Files\Eclipse Adoptium\jdk-17.0.4.8-hotspot\bin\VCRUNTIME140.dll
0x00007ff8abba0000 - 0x00007ff8abd3d000 	C:\WINDOWS\System32\USER32.dll
0x00007ff8ab1d0000 - 0x00007ff8ab1f2000 	C:\WINDOWS\System32\win32u.dll
0x00007ff891940000 - 0x00007ff891bda000 	C:\WINDOWS\WinSxS\amd64_microsoft.windows.common-controls_6595b64144ccf1df_6.0.19041.4355_none_60b8b9eb71f62e16\COMCTL32.dll
0x00007ff8ad370000 - 0x00007ff8ad39b000 	C:\WINDOWS\System32\GDI32.dll
0x00007ff8abb00000 - 0x00007ff8abb9e000 	C:\WINDOWS\System32\msvcrt.dll
0x00007ff8ab0b0000 - 0x00007ff8ab1ca000 	C:\WINDOWS\System32\gdi32full.dll
0x00007ff8ab570000 - 0x00007ff8ab60d000 	C:\WINDOWS\System32\msvcp_win.dll
0x00007ff8aca60000 - 0x00007ff8aca8f000 	C:\WINDOWS\System32\IMM32.DLL
0x00007ff8a86c0000 - 0x00007ff8a86cc000 	C:\Program Files\Eclipse Adoptium\jdk-17.0.4.8-hotspot\bin\vcruntime140_1.dll
0x00007ff87c130000 - 0x00007ff87c1c1000 	C:\Program Files\Eclipse Adoptium\jdk-17.0.4.8-hotspot\bin\msvcp140.dll
0x00007ff846050000 - 0x00007ff846c96000 	C:\Program Files\Eclipse Adoptium\jdk-17.0.4.8-hotspot\bin\server\jvm.dll
0x00007ff8acf00000 - 0x00007ff8acfaf000 	C:\WINDOWS\System32\ADVAPI32.dll
0x00007ff8ad930000 - 0x00007ff8ad9cf000 	C:\WINDOWS\System32\sechost.dll
0x00007ff8ac4b0000 - 0x00007ff8ac5d3000 	C:\WINDOWS\System32\RPCRT4.dll
0x00007ff8ab250000 - 0x00007ff8ab277000 	C:\WINDOWS\System32\bcrypt.dll
0x00007ff8accc0000 - 0x00007ff8accc8000 	C:\WINDOWS\System32\PSAPI.DLL
0x00007ff8a7770000 - 0x00007ff8a7779000 	C:\WINDOWS\SYSTEM32\WSOCK32.dll
0x00007ff8a0900000 - 0x00007ff8a0927000 	C:\WINDOWS\SYSTEM32\WINMM.dll
0x00007ff8a74a0000 - 0x00007ff8a74aa000 	C:\WINDOWS\SYSTEM32\VERSION.dll
0x00007ff8ad160000 - 0x00007ff8ad1cb000 	C:\WINDOWS\System32\WS2_32.dll
0x00007ff8a8ef0000 - 0x00007ff8a8f02000 	C:\WINDOWS\SYSTEM32\kernel.appcore.dll
0x00007ff8a4e10000 - 0x00007ff8a4e1a000 	C:\Program Files\Eclipse Adoptium\jdk-17.0.4.8-hotspot\bin\jimage.dll
0x00007ff8930d0000 - 0x00007ff8932b4000 	C:\WINDOWS\SYSTEM32\DBGHELP.DLL
0x00007ff881aa0000 - 0x00007ff881ad4000 	C:\WINDOWS\SYSTEM32\dbgcore.DLL
0x00007ff8ab280000 - 0x00007ff8ab302000 	C:\WINDOWS\System32\bcryptPrimitives.dll
0x00007ff8a4de0000 - 0x00007ff8a4e05000 	C:\Program Files\Eclipse Adoptium\jdk-17.0.4.8-hotspot\bin\java.dll

dbghelp: loaded successfully - version: 4.0.5 - missing functions: none
symbol engine: initialized successfully - sym options: 0x614 - pdb path: .;C:\Program Files\Eclipse Adoptium\jdk-17.0.4.8-hotspot\bin;C:\WINDOWS\SYSTEM32;C:\WINDOWS\WinSxS\amd64_microsoft.windows.common-controls_6595b64144ccf1df_6.0.19041.4355_none_60b8b9eb71f62e16;C:\Program Files\Eclipse Adoptium\jdk-17.0.4.8-hotspot\bin\server

VM Arguments:
jvm_args: -Dclassworlds.conf=C:\Program Files\Eclipse Adoptium\apache-maven-3.9.9\bin\m2.conf -Dmaven.home=C:\Program Files\Eclipse Adoptium\apache-maven-3.9.9 -Dlibrary.jansi.path=C:\Program Files\Eclipse Adoptium\apache-maven-3.9.9\lib\jansi-native -Dmaven.multiModuleProjectDirectory=C:\Users\marce\Documents\InteliJ\ecommerce\ecommerce 
java_command: org.codehaus.plexus.classworlds.launcher.Launcher spring-boot:run
java_class_path (initial): C:\Program Files\Eclipse Adoptium\apache-maven-3.9.9\boot\plexus-classworlds-2.8.0.jar
Launcher Type: SUN_STANDARD

[Global flags]
     intx CICompilerCount                          = 4                                         {product} {ergonomic}
     uint ConcGCThreads                            = 2                                         {product} {ergonomic}
     uint G1ConcRefinementThreads                  = 8                                         {product} {ergonomic}
   size_t G1HeapRegionSize                         = 4194304                                   {product} {ergonomic}
    uintx GCDrainStackTargetSize                   = 64                                        {product} {ergonomic}
   size_t InitialHeapSize                          = 536870912                                 {product} {ergonomic}
   size_t MarkStackSize                            = 4194304                                   {product} {ergonomic}
   size_t MaxHeapSize                              = 8547991552                                {product} {ergonomic}
   size_t MinHeapDeltaBytes                        = 4194304                                   {product} {ergonomic}
   size_t MinHeapSize                              = 8388608                                   {product} {ergonomic}
    uintx NonNMethodCodeHeapSize                   = 5839372                                {pd product} {ergonomic}
    uintx NonProfiledCodeHeapSize                  = 122909434                              {pd product} {ergonomic}
    uintx ProfiledCodeHeapSize                     = 122909434                              {pd product} {ergonomic}
    uintx ReservedCodeCacheSize                    = 251658240                              {pd product} {ergonomic}
     bool SegmentedCodeCache                       = true                                      {product} {ergonomic}
   size_t SoftMaxHeapSize                          = 8547991552                             {manageable} {ergonomic}
     bool UseCompressedClassPointers               = true                           {product lp64_product} {ergonomic}
     bool UseCompressedOops                        = true                           {product lp64_product} {ergonomic}
     bool UseG1GC                                  = true                                      {product} {ergonomic}
     bool UseLargePagesIndividualAllocation        = false                                  {pd product} {ergonomic}

Logging:
Log output configuration:
 #0: stdout all=warning uptime,level,tags
 #1: stderr all=off uptime,level,tags

Environment Variables:
JAVA_HOME=C:\Program Files\Eclipse Adoptium\jdk-17.0.4.8-hotspot
PATH=C:\Program Files\Python312\Scripts\;C:\Program Files\Python312\;C:\Program Files\Eclipse Adoptium\jdk-17.0.4.8-hotspot\bin;C:\Python310\Scripts\;C:\Python310\;C:\Program Files (x86)\Intel\iCLS Client\;C:\Program Files\Intel\iCLS Client\;C:\Windows\system32;C:\Windows;C:\Windows\System32\Wbem;C:\Windows\System32\WindowsPowerShell\v1.0\;C:\Windows\System32\OpenSSH\;C:\Program Files (x86)\Intel\Intel(R) Management Engine Components\DAL;C:\Program Files\Intel\Intel(R) Management Engine Components\DAL;C:\Program Files (x86)\Intel\Intel(R) Management Engine Components\IPT;C:\Program Files\Intel\Intel(R) Management Engine Components\IPT;C:\Program Files (x86)\NVIDIA Corporation\PhysX\Common;C:\Program Files (x86)\NTP\bin;C:\Program Files\NVIDIA Corporation\NVIDIA NvDLISR;C:\ProgramData\chocolatey\bin;C:\Program Files\Git\cmd;C:\Program Files\dotnet\;C:\Program Files\nodejs\;C:\WINDOWS\system32;C:\WINDOWS;C:\WINDOWS\System32\Wbem;C:\WINDOWS\System32\WindowsPowerShell\v1.0\;C:\WINDOWS\System32\OpenSSH\;C:\Program Files (x86)\Windows Live\Shared;C:\Program Files\Eclipse Adoptium\apache-maven-3.9.9\bin;C:\Users\marce\AppData\Local\Microsoft\WindowsApps;C:\Users\marce\AppData\Local\Programs\Microsoft VS Code\bin;C:\Users\marce\AppData\Roaming\npm;C:\Program Files\JetBrains\IntelliJ IDEA Community Edition 2024.3.1.1\bin;;C:\Users\marce\AppData\Local\Microsoft\WinGet\Links;
USERNAME=marce
OS=Windows_NT
PROCESSOR_IDENTIFIER=Intel64 Family 6 Model 158 Stepping 13, GenuineIntel
TMP=C:\Users\marce\AppData\Local\Temp
TEMP=C:\Users\marce\AppData\Local\Temp



---------------  S Y S T E M  ---------------

OS:
 Windows 10 , 64 bit Build 19041 (10.0.19041.5438)
OS uptime: 0 days 4:37 hours
Hyper-V role detected

CPU: total 8 (initial active 8) (4 cores per cpu, 2 threads per core) family 6 model 158 stepping 13 microcode 0xcc, cx8, cmov, fxsr, ht, mmx, 3dnowpref, sse, sse2, sse3, ssse3, sse4.1, sse4.2, popcnt, lzcnt, tsc, tscinvbit, avx, avx2, aes, erms, clmul, bmi1, bmi2, adx, fma, vzeroupper, clflush, clflushopt, hv

Memory: 4k page, system-wide physical 32605M (24364M free)
TotalPageFile size 36700M (AvailPageFile size 348M)
current process WorkingSet (physical memory assigned to process): 10M, peak: 10M
current process commit charge ("private bytes"): 60M, peak: 572M

vm_info: OpenJDK 64-Bit Server VM (17.0.4+8) for windows-amd64 JRE (17.0.4+8), built on Jul 19 2022 16:05:16 by "temurin" with MS VC++ 16.7 (VS2019)

END.
